Symlinking /home/pcgta/Documents/eth/voxseg/devel/include/elevation_map_msgs/Initialize.h
Symlinking /home/pcgta/Documents/eth/voxseg/devel/include/elevation_map_msgs/InitializeResponse.h
Symlinking /home/pcgta/Documents/eth/voxseg/devel/include/elevation_map_msgs/CheckSafety.h
Symlinking /home/pcgta/Documents/eth/voxseg/devel/include/elevation_map_msgs/CheckSafetyRequest.h
Symlinking /home/pcgta/Documents/eth/voxseg/devel/include/elevation_map_msgs/Statistics.h
Symlinking /home/pcgta/Documents/eth/voxseg/devel/include/elevation_map_msgs/InitializeRequest.h
Symlinking /home/pcgta/Documents/eth/voxseg/devel/include/elevation_map_msgs/CheckSafetyResponse.h
Symlinking /home/pcgta/Documents/eth/voxseg/devel/share/elevation_map_msgs/cmake/elevation_map_msgs-msg-paths.cmake
Symlinking /home/pcgta/Documents/eth/voxseg/devel/share/elevation_map_msgs/cmake/elevation_map_msgsConfig.cmake
Symlinking /home/pcgta/Documents/eth/voxseg/devel/share/elevation_map_msgs/cmake/elevation_map_msgs-msg-extras.cmake
Symlinking /home/pcgta/Documents/eth/voxseg/devel/share/elevation_map_msgs/cmake/elevation_map_msgsConfig-version.cmake
Symlinking /home/pcgta/Documents/eth/voxseg/devel/share/common-lisp/ros/elevation_map_msgs/srv/_package_Initialize.lisp
Symlinking /home/pcgta/Documents/eth/voxseg/devel/share/common-lisp/ros/elevation_map_msgs/srv/_package.lisp
Symlinking /home/pcgta/Documents/eth/voxseg/devel/share/common-lisp/ros/elevation_map_msgs/srv/elevation_map_msgs-srv.asd
Symlinking /home/pcgta/Documents/eth/voxseg/devel/share/common-lisp/ros/elevation_map_msgs/srv/Initialize.lisp
Symlinking /home/pcgta/Documents/eth/voxseg/devel/share/common-lisp/ros/elevation_map_msgs/srv/CheckSafety.lisp
Symlinking /home/pcgta/Documents/eth/voxseg/devel/share/common-lisp/ros/elevation_map_msgs/srv/_package_CheckSafety.lisp
Symlinking /home/pcgta/Documents/eth/voxseg/devel/share/common-lisp/ros/elevation_map_msgs/msg/Statistics.lisp
Symlinking /home/pcgta/Documents/eth/voxseg/devel/share/common-lisp/ros/elevation_map_msgs/msg/_package.lisp
Symlinking /home/pcgta/Documents/eth/voxseg/devel/share/common-lisp/ros/elevation_map_msgs/msg/_package_Statistics.lisp
Symlinking /home/pcgta/Documents/eth/voxseg/devel/share/common-lisp/ros/elevation_map_msgs/msg/elevation_map_msgs-msg.asd
Symlinking /home/pcgta/Documents/eth/voxseg/devel/share/roseus/ros/elevation_map_msgs/manifest.l
Symlinking /home/pcgta/Documents/eth/voxseg/devel/share/roseus/ros/elevation_map_msgs/srv/Initialize.l
Symlinking /home/pcgta/Documents/eth/voxseg/devel/share/roseus/ros/elevation_map_msgs/srv/CheckSafety.l
Symlinking /home/pcgta/Documents/eth/voxseg/devel/share/roseus/ros/elevation_map_msgs/msg/Statistics.l
Symlinking /home/pcgta/Documents/eth/voxseg/devel/share/gennodejs/ros/elevation_map_msgs/_index.js
Symlinking /home/pcgta/Documents/eth/voxseg/devel/share/gennodejs/ros/elevation_map_msgs/srv/CheckSafety.js
Symlinking /home/pcgta/Documents/eth/voxseg/devel/share/gennodejs/ros/elevation_map_msgs/srv/Initialize.js
Symlinking /home/pcgta/Documents/eth/voxseg/devel/share/gennodejs/ros/elevation_map_msgs/srv/_index.js
Symlinking /home/pcgta/Documents/eth/voxseg/devel/share/gennodejs/ros/elevation_map_msgs/msg/Statistics.js
Symlinking /home/pcgta/Documents/eth/voxseg/devel/share/gennodejs/ros/elevation_map_msgs/msg/_index.js
Symlinking /home/pcgta/Documents/eth/voxseg/devel/lib/pkgconfig/elevation_map_msgs.pc
Symlinking /home/pcgta/Documents/eth/voxseg/devel/lib/python3/dist-packages/elevation_map_msgs/__init__.py
Symlinking /home/pcgta/Documents/eth/voxseg/devel/lib/python3/dist-packages/elevation_map_msgs/srv/__init__.py
Symlinking /home/pcgta/Documents/eth/voxseg/devel/lib/python3/dist-packages/elevation_map_msgs/srv/_CheckSafety.py
Symlinking /home/pcgta/Documents/eth/voxseg/devel/lib/python3/dist-packages/elevation_map_msgs/srv/_Initialize.py
Symlinking /home/pcgta/Documents/eth/voxseg/devel/lib/python3/dist-packages/elevation_map_msgs/msg/__init__.py
Symlinking /home/pcgta/Documents/eth/voxseg/devel/lib/python3/dist-packages/elevation_map_msgs/msg/_Statistics.py
