Linked: (/home/pcgta/Documents/eth/voxseg/devel/.private/elevation_map_msgs/include/elevation_map_msgs/Initialize.h, /home/pcgta/Documents/eth/voxseg/devel/include/elevation_map_msgs/Initialize.h)
Linked: (/home/pcgta/Documents/eth/voxseg/devel/.private/elevation_map_msgs/include/elevation_map_msgs/InitializeResponse.h, /home/pcgta/Documents/eth/voxseg/devel/include/elevation_map_msgs/InitializeResponse.h)
Linked: (/home/pcgta/Documents/eth/voxseg/devel/.private/elevation_map_msgs/include/elevation_map_msgs/CheckSafety.h, /home/pcgta/Documents/eth/voxseg/devel/include/elevation_map_msgs/CheckSafety.h)
Linked: (/home/pcgta/Documents/eth/voxseg/devel/.private/elevation_map_msgs/include/elevation_map_msgs/CheckSafetyRequest.h, /home/pcgta/Documents/eth/voxseg/devel/include/elevation_map_msgs/CheckSafetyRequest.h)
Linked: (/home/pcgta/Documents/eth/voxseg/devel/.private/elevation_map_msgs/include/elevation_map_msgs/Statistics.h, /home/pcgta/Documents/eth/voxseg/devel/include/elevation_map_msgs/Statistics.h)
Linked: (/home/pcgta/Documents/eth/voxseg/devel/.private/elevation_map_msgs/include/elevation_map_msgs/InitializeRequest.h, /home/pcgta/Documents/eth/voxseg/devel/include/elevation_map_msgs/InitializeRequest.h)
Linked: (/home/pcgta/Documents/eth/voxseg/devel/.private/elevation_map_msgs/include/elevation_map_msgs/CheckSafetyResponse.h, /home/pcgta/Documents/eth/voxseg/devel/include/elevation_map_msgs/CheckSafetyResponse.h)
Linked: (/home/pcgta/Documents/eth/voxseg/devel/.private/elevation_map_msgs/share/elevation_map_msgs/cmake/elevation_map_msgs-msg-paths.cmake, /home/pcgta/Documents/eth/voxseg/devel/share/elevation_map_msgs/cmake/elevation_map_msgs-msg-paths.cmake)
Linked: (/home/pcgta/Documents/eth/voxseg/devel/.private/elevation_map_msgs/share/elevation_map_msgs/cmake/elevation_map_msgsConfig.cmake, /home/pcgta/Documents/eth/voxseg/devel/share/elevation_map_msgs/cmake/elevation_map_msgsConfig.cmake)
Linked: (/home/pcgta/Documents/eth/voxseg/devel/.private/elevation_map_msgs/share/elevation_map_msgs/cmake/elevation_map_msgs-msg-extras.cmake, /home/pcgta/Documents/eth/voxseg/devel/share/elevation_map_msgs/cmake/elevation_map_msgs-msg-extras.cmake)
Linked: (/home/pcgta/Documents/eth/voxseg/devel/.private/elevation_map_msgs/share/elevation_map_msgs/cmake/elevation_map_msgsConfig-version.cmake, /home/pcgta/Documents/eth/voxseg/devel/share/elevation_map_msgs/cmake/elevation_map_msgsConfig-version.cmake)
Linked: (/home/pcgta/Documents/eth/voxseg/devel/.private/elevation_map_msgs/share/common-lisp/ros/elevation_map_msgs/srv/_package_Initialize.lisp, /home/pcgta/Documents/eth/voxseg/devel/share/common-lisp/ros/elevation_map_msgs/srv/_package_Initialize.lisp)
Linked: (/home/pcgta/Documents/eth/voxseg/devel/.private/elevation_map_msgs/share/common-lisp/ros/elevation_map_msgs/srv/_package.lisp, /home/pcgta/Documents/eth/voxseg/devel/share/common-lisp/ros/elevation_map_msgs/srv/_package.lisp)
Linked: (/home/pcgta/Documents/eth/voxseg/devel/.private/elevation_map_msgs/share/common-lisp/ros/elevation_map_msgs/srv/elevation_map_msgs-srv.asd, /home/pcgta/Documents/eth/voxseg/devel/share/common-lisp/ros/elevation_map_msgs/srv/elevation_map_msgs-srv.asd)
Linked: (/home/pcgta/Documents/eth/voxseg/devel/.private/elevation_map_msgs/share/common-lisp/ros/elevation_map_msgs/srv/Initialize.lisp, /home/pcgta/Documents/eth/voxseg/devel/share/common-lisp/ros/elevation_map_msgs/srv/Initialize.lisp)
Linked: (/home/pcgta/Documents/eth/voxseg/devel/.private/elevation_map_msgs/share/common-lisp/ros/elevation_map_msgs/srv/CheckSafety.lisp, /home/pcgta/Documents/eth/voxseg/devel/share/common-lisp/ros/elevation_map_msgs/srv/CheckSafety.lisp)
Linked: (/home/pcgta/Documents/eth/voxseg/devel/.private/elevation_map_msgs/share/common-lisp/ros/elevation_map_msgs/srv/_package_CheckSafety.lisp, /home/pcgta/Documents/eth/voxseg/devel/share/common-lisp/ros/elevation_map_msgs/srv/_package_CheckSafety.lisp)
Linked: (/home/pcgta/Documents/eth/voxseg/devel/.private/elevation_map_msgs/share/common-lisp/ros/elevation_map_msgs/msg/Statistics.lisp, /home/pcgta/Documents/eth/voxseg/devel/share/common-lisp/ros/elevation_map_msgs/msg/Statistics.lisp)
Linked: (/home/pcgta/Documents/eth/voxseg/devel/.private/elevation_map_msgs/share/common-lisp/ros/elevation_map_msgs/msg/_package.lisp, /home/pcgta/Documents/eth/voxseg/devel/share/common-lisp/ros/elevation_map_msgs/msg/_package.lisp)
Linked: (/home/pcgta/Documents/eth/voxseg/devel/.private/elevation_map_msgs/share/common-lisp/ros/elevation_map_msgs/msg/_package_Statistics.lisp, /home/pcgta/Documents/eth/voxseg/devel/share/common-lisp/ros/elevation_map_msgs/msg/_package_Statistics.lisp)
Linked: (/home/pcgta/Documents/eth/voxseg/devel/.private/elevation_map_msgs/share/common-lisp/ros/elevation_map_msgs/msg/elevation_map_msgs-msg.asd, /home/pcgta/Documents/eth/voxseg/devel/share/common-lisp/ros/elevation_map_msgs/msg/elevation_map_msgs-msg.asd)
Linked: (/home/pcgta/Documents/eth/voxseg/devel/.private/elevation_map_msgs/share/roseus/ros/elevation_map_msgs/manifest.l, /home/pcgta/Documents/eth/voxseg/devel/share/roseus/ros/elevation_map_msgs/manifest.l)
Linked: (/home/pcgta/Documents/eth/voxseg/devel/.private/elevation_map_msgs/share/roseus/ros/elevation_map_msgs/srv/Initialize.l, /home/pcgta/Documents/eth/voxseg/devel/share/roseus/ros/elevation_map_msgs/srv/Initialize.l)
Linked: (/home/pcgta/Documents/eth/voxseg/devel/.private/elevation_map_msgs/share/roseus/ros/elevation_map_msgs/srv/CheckSafety.l, /home/pcgta/Documents/eth/voxseg/devel/share/roseus/ros/elevation_map_msgs/srv/CheckSafety.l)
Linked: (/home/pcgta/Documents/eth/voxseg/devel/.private/elevation_map_msgs/share/roseus/ros/elevation_map_msgs/msg/Statistics.l, /home/pcgta/Documents/eth/voxseg/devel/share/roseus/ros/elevation_map_msgs/msg/Statistics.l)
Linked: (/home/pcgta/Documents/eth/voxseg/devel/.private/elevation_map_msgs/share/gennodejs/ros/elevation_map_msgs/_index.js, /home/pcgta/Documents/eth/voxseg/devel/share/gennodejs/ros/elevation_map_msgs/_index.js)
Linked: (/home/pcgta/Documents/eth/voxseg/devel/.private/elevation_map_msgs/share/gennodejs/ros/elevation_map_msgs/srv/CheckSafety.js, /home/pcgta/Documents/eth/voxseg/devel/share/gennodejs/ros/elevation_map_msgs/srv/CheckSafety.js)
Linked: (/home/pcgta/Documents/eth/voxseg/devel/.private/elevation_map_msgs/share/gennodejs/ros/elevation_map_msgs/srv/Initialize.js, /home/pcgta/Documents/eth/voxseg/devel/share/gennodejs/ros/elevation_map_msgs/srv/Initialize.js)
Linked: (/home/pcgta/Documents/eth/voxseg/devel/.private/elevation_map_msgs/share/gennodejs/ros/elevation_map_msgs/srv/_index.js, /home/pcgta/Documents/eth/voxseg/devel/share/gennodejs/ros/elevation_map_msgs/srv/_index.js)
Linked: (/home/pcgta/Documents/eth/voxseg/devel/.private/elevation_map_msgs/share/gennodejs/ros/elevation_map_msgs/msg/Statistics.js, /home/pcgta/Documents/eth/voxseg/devel/share/gennodejs/ros/elevation_map_msgs/msg/Statistics.js)
Linked: (/home/pcgta/Documents/eth/voxseg/devel/.private/elevation_map_msgs/share/gennodejs/ros/elevation_map_msgs/msg/_index.js, /home/pcgta/Documents/eth/voxseg/devel/share/gennodejs/ros/elevation_map_msgs/msg/_index.js)
Linked: (/home/pcgta/Documents/eth/voxseg/devel/.private/elevation_map_msgs/lib/pkgconfig/elevation_map_msgs.pc, /home/pcgta/Documents/eth/voxseg/devel/lib/pkgconfig/elevation_map_msgs.pc)
Linked: (/home/pcgta/Documents/eth/voxseg/devel/.private/elevation_map_msgs/lib/python3/dist-packages/elevation_map_msgs/__init__.py, /home/pcgta/Documents/eth/voxseg/devel/lib/python3/dist-packages/elevation_map_msgs/__init__.py)
Linked: (/home/pcgta/Documents/eth/voxseg/devel/.private/elevation_map_msgs/lib/python3/dist-packages/elevation_map_msgs/srv/__init__.py, /home/pcgta/Documents/eth/voxseg/devel/lib/python3/dist-packages/elevation_map_msgs/srv/__init__.py)
Linked: (/home/pcgta/Documents/eth/voxseg/devel/.private/elevation_map_msgs/lib/python3/dist-packages/elevation_map_msgs/srv/_CheckSafety.py, /home/pcgta/Documents/eth/voxseg/devel/lib/python3/dist-packages/elevation_map_msgs/srv/_CheckSafety.py)
Linked: (/home/pcgta/Documents/eth/voxseg/devel/.private/elevation_map_msgs/lib/python3/dist-packages/elevation_map_msgs/srv/_Initialize.py, /home/pcgta/Documents/eth/voxseg/devel/lib/python3/dist-packages/elevation_map_msgs/srv/_Initialize.py)
Linked: (/home/pcgta/Documents/eth/voxseg/devel/.private/elevation_map_msgs/lib/python3/dist-packages/elevation_map_msgs/msg/__init__.py, /home/pcgta/Documents/eth/voxseg/devel/lib/python3/dist-packages/elevation_map_msgs/msg/__init__.py)
Linked: (/home/pcgta/Documents/eth/voxseg/devel/.private/elevation_map_msgs/lib/python3/dist-packages/elevation_map_msgs/msg/_Statistics.py, /home/pcgta/Documents/eth/voxseg/devel/lib/python3/dist-packages/elevation_map_msgs/msg/_Statistics.py)
