[35m[1mScanning dependencies of target geometry_msgs_generate_messages_lisp[0m
[35m[1mScanning dependencies of target _elevation_map_msgs_generate_messages_check_deps_CheckSafety[0m
[35m[1mScanning dependencies of target geometry_msgs_generate_messages_nodejs[0m
[35m[1mScanning dependencies of target geometry_msgs_generate_messages_py[0m
[35m[1mScanning dependencies of target _elevation_map_msgs_generate_messages_check_deps_Initialize[0m
[35m[1mScanning dependencies of target geometry_msgs_generate_messages_cpp[0m
[35m[1mScanning dependencies of target geometry_msgs_generate_messages_eus[0m
[35m[1mScanning dependencies of target _elevation_map_msgs_generate_messages_check_deps_Statistics[0m
[  0%] Built target geometry_msgs_generate_messages_py
[  0%] Built target geometry_msgs_generate_messages_lisp
[  0%] Built target geometry_msgs_generate_messages_cpp
[  0%] Built target geometry_msgs_generate_messages_eus
[  0%] Built target geometry_msgs_generate_messages_nodejs
[  0%] Built target _elevation_map_msgs_generate_messages_check_deps_CheckSafety
[  0%] Built target _elevation_map_msgs_generate_messages_check_deps_Initialize
[  0%] Built target _elevation_map_msgs_generate_messages_check_deps_Statistics
[35m[1mScanning dependencies of target elevation_map_msgs_generate_messages_py[0m
[35m[1mScanning dependencies of target elevation_map_msgs_generate_messages_eus[0m
[35m[1mScanning dependencies of target elevation_map_msgs_generate_messages_cpp[0m
[35m[1mScanning dependencies of target elevation_map_msgs_generate_messages_lisp[0m
[35m[1mScanning dependencies of target elevation_map_msgs_generate_messages_nodejs[0m
[  5%] [34m[1mGenerating Python code from SRV elevation_map_msgs/CheckSafety[0m
[ 33%] [34m[1mGenerating C++ code from elevation_map_msgs/CheckSafety.srv[0m
[ 33%] [34m[1mGenerating EusLisp code from elevation_map_msgs/Initialize.srv[0m
[ 33%] [34m[1mGenerating Lisp code from elevation_map_msgs/Initialize.srv[0m
[ 33%] [34m[1mGenerating Lisp code from elevation_map_msgs/Statistics.msg[0m
[ 38%] [34m[1mGenerating EusLisp code from elevation_map_msgs/Statistics.msg[0m
[ 44%] [34m[1mGenerating EusLisp code from elevation_map_msgs/CheckSafety.srv[0m
[ 33%] [34m[1mGenerating C++ code from elevation_map_msgs/Statistics.msg[0m
[ 50%] [34m[1mGenerating Python from MSG elevation_map_msgs/Statistics[0m
[ 55%] [34m[1mGenerating EusLisp manifest code for elevation_map_msgs[0m
[ 72%] [34m[1mGenerating Javascript code from elevation_map_msgs/CheckSafety.srv[0m
[ 72%] [34m[1mGenerating C++ code from elevation_map_msgs/Initialize.srv[0m
[ 72%] [34m[1mGenerating Lisp code from elevation_map_msgs/CheckSafety.srv[0m
[ 77%] [34m[1mGenerating Python code from SRV elevation_map_msgs/Initialize[0m
[ 83%] [34m[1mGenerating Javascript code from elevation_map_msgs/Statistics.msg[0m
[ 88%] [34m[1mGenerating Javascript code from elevation_map_msgs/Initialize.srv[0m
[ 88%] Built target elevation_map_msgs_generate_messages_nodejs
[ 88%] Built target elevation_map_msgs_generate_messages_lisp
[ 88%] Built target elevation_map_msgs_generate_messages_cpp
[100%] [34m[1mGenerating Python msg __init__.py for elevation_map_msgs[0m
[100%] [34m[1mGenerating Python srv __init__.py for elevation_map_msgs[0m
[100%] Built target elevation_map_msgs_generate_messages_eus
[100%] Built target elevation_map_msgs_generate_messages_py
[35m[1mScanning dependencies of target elevation_map_msgs_generate_messages[0m
[100%] Built target elevation_map_msgs_generate_messages
