Not searching for unused variables given on the command line.
[36m--[0m Found PythonInterp: /usr/bin/python3 (found suitable version "3.8.10", minimum required is "3")
[36m--[0m Using Python Libraries at: /usr/lib/x86_64-linux-gnu/libpython3.8.so
[36m--[0m Using Python include directories at: /usr/include/python3.8
[36m--[0m Using CATKIN_DEVEL_PREFIX: /home/pcgta/Documents/eth/voxseg/devel/.private/elevation_mapping_cupy
[36m--[0m Using CMAKE_PREFIX_PATH: /home/pcgta/Documents/eth/voxseg/devel;/opt/ros/noetic
[36m--[0m This workspace overlays: /home/pcgta/Documents/eth/voxseg/devel;/opt/ros/noetic
[36m--[0m Using PYTHON_EXECUTABLE: /usr/bin/python3
[36m--[0m Using Debian Python package layout
[36m--[0m Using empy: /usr/lib/python3/dist-packages/em.py
[36m--[0m Using CATKIN_ENABLE_TESTING: ON
[36m--[0m Call enable_testing()
[36m--[0m Using CATKIN_TEST_RESULTS_DIR: /home/pcgta/Documents/eth/voxseg/build/elevation_mapping_cupy/test_results
[36m--[0m Forcing gtest/gmock from source, though one was otherwise available.
[36m--[0m Found gtest sources under '/usr/src/googletest': gtests will be built
[36m--[0m Found gmock sources under '/usr/src/googletest': gmock will be built
[36m--[0m Found PythonInterp: /usr/bin/python3 (found version "3.8.10")
[36m--[0m Using Python nosetests: /usr/bin/nosetests3
[36m--[0m catkin 0.8.10
[36m--[0m BUILD_SHARED_LIBS is on
[36m--[0m Using these message generators: gencpp;geneus;genlisp;gennodejs;genpy
[36m--[0m Could NOT find grid_map_ros (missing: grid_map_ros_DIR)
[36m--[0m Could not find the required component 'grid_map_ros'. The following CMake error indicates that you either need to install the package with the same name or change your environment so that it can be found.
[31m[1mCMake Error[0m at /opt/ros/noetic/share/catkin/cmake/catkinConfig.cmake:83 (find_package):
  Could not find a package configuration file provided by "grid_map_ros" with
  any of the following names:

    grid_map_rosConfig.cmake
    grid_map_ros-config.cmake

  Add the installation prefix of "grid_map_ros" to CMAKE_PREFIX_PATH or set
  "grid_map_ros_DIR" to a directory containing one of the above files.  If
  "grid_map_ros" provides a separate development package or SDK, be sure it
  has been installed.
[36mCall Stack (most recent call first):[0m
  CMakeLists.txt:17 (find_package)


[36m--[0m Configuring incomplete, errors occurred!
See also "/home/pcgta/Documents/eth/voxseg/build/elevation_mapping_cupy/CMakeFiles/CMakeOutput.log".
See also "/home/pcgta/Documents/eth/voxseg/build/elevation_mapping_cupy/CMakeFiles/CMakeError.log".
